[0.052s] Invoking command in '/home/calpoly/gobilda/gobilda_ws/build/gobilda_robot': CMAKE_PREFIX_PATH=${CMAKE_PREFIX_PATH}:/home/calpoly/gobilda/gobilda_ws/install/lab4:/home/calpoly/gobilda/gobilda_ws/install/gobilda_utilities:/opt/ros/humble /usr/bin/cmake --build /home/calpoly/gobilda/gobilda_ws/build/gobilda_robot -- -j6 -l6
[0.652s] [100%] Built target gobilda_robot
[1.257s] Invoked command in '/home/calpoly/gobilda/gobilda_ws/build/gobilda_robot' returned '0': CMAKE_PREFIX_PATH=${CMAKE_PREFIX_PATH}:/home/calpoly/gobilda/gobilda_ws/install/lab4:/home/calpoly/gobilda/gobilda_ws/install/gobilda_utilities:/opt/ros/humble /usr/bin/cmake --build /home/calpoly/gobilda/gobilda_ws/build/gobilda_robot -- -j6 -l6
[1.271s] Invoking command in '/home/calpoly/gobilda/gobilda_ws/build/gobilda_robot': CMAKE_PREFIX_PATH=${CMAKE_PREFIX_PATH}:/home/calpoly/gobilda/gobilda_ws/install/lab4:/home/calpoly/gobilda/gobilda_ws/install/gobilda_utilities:/opt/ros/humble /usr/bin/cmake --install /home/calpoly/gobilda/gobilda_ws/build/gobilda_robot
[1.280s] -- Install configuration: ""
[1.283s] -- Execute custom install script
[1.285s] -- Up-to-date symlink: /home/calpoly/gobilda/gobilda_ws/install/gobilda_robot/share/gobilda_robot//gobilda_robot.xml
[1.286s] -- Up-to-date symlink: /home/calpoly/gobilda/gobilda_ws/install/gobilda_robot/include/gobilda_robot/gobilda_robot/gobilda_system.hpp
[1.286s] -- Up-to-date symlink: /home/calpoly/gobilda/gobilda_ws/install/gobilda_robot/include/gobilda_robot/gobilda_robot/motor.hpp
[1.287s] -- Up-to-date symlink: /home/calpoly/gobilda/gobilda_ws/install/gobilda_robot/share/gobilda_robot/ros2_control/gobilda.ros2_control.xacro
[1.288s] -- Up-to-date symlink: /home/calpoly/gobilda/gobilda_ws/install/gobilda_robot/share/gobilda_robot/urdf/gobilda.urdf.xacro
[1.289s] -- Up-to-date symlink: /home/calpoly/gobilda/gobilda_ws/install/gobilda_robot/share/gobilda_robot/urdf/gobilda_description.urdf.xacro
[1.289s] -- Up-to-date symlink: /home/calpoly/gobilda/gobilda_ws/install/gobilda_robot/share/gobilda_robot/urdf/gobilda_gazebo.urdf.xacro
[1.289s] -- Up-to-date symlink: /home/calpoly/gobilda/gobilda_ws/install/gobilda_robot/share/gobilda_robot/launch/gobilda_ekf_odom_viz.launch.py
[1.290s] -- Up-to-date symlink: /home/calpoly/gobilda/gobilda_ws/install/gobilda_robot/share/gobilda_robot/config/ekf.yaml
[1.291s] -- Up-to-date symlink: /home/calpoly/gobilda/gobilda_ws/install/gobilda_robot/share/gobilda_robot/config/gobilda_controllers.yaml
[1.291s] -- Up-to-date symlink: /home/calpoly/gobilda/gobilda_ws/install/gobilda_robot/share/gobilda_robot/config/mapper_params_online_async.yaml
[1.293s] -- Up-to-date symlink: /home/calpoly/gobilda/gobilda_ws/install/gobilda_robot/share/gobilda_robot/config/oakd.yaml
[1.293s] -- Up-to-date symlink: /home/calpoly/gobilda/gobilda_ws/install/gobilda_robot/share/gobilda_robot/environment/library_path.sh
[1.293s] -- Up-to-date symlink: /home/calpoly/gobilda/gobilda_ws/install/gobilda_robot/share/gobilda_robot/environment/library_path.dsv
[1.294s] -- Up-to-date symlink: /home/calpoly/gobilda/gobilda_ws/install/gobilda_robot/share/ament_index/resource_index/package_run_dependencies/gobilda_robot
[1.295s] -- Up-to-date symlink: /home/calpoly/gobilda/gobilda_ws/install/gobilda_robot/share/ament_index/resource_index/parent_prefix_path/gobilda_robot
[1.295s] -- Up-to-date symlink: /home/calpoly/gobilda/gobilda_ws/install/gobilda_robot/share/gobilda_robot/environment/ament_prefix_path.sh
[1.295s] -- Up-to-date symlink: /home/calpoly/gobilda/gobilda_ws/install/gobilda_robot/share/gobilda_robot/environment/ament_prefix_path.dsv
[1.295s] -- Up-to-date symlink: /home/calpoly/gobilda/gobilda_ws/install/gobilda_robot/share/gobilda_robot/environment/path.sh
[1.296s] -- Up-to-date symlink: /home/calpoly/gobilda/gobilda_ws/install/gobilda_robot/share/gobilda_robot/environment/path.dsv
[1.296s] -- Up-to-date symlink: /home/calpoly/gobilda/gobilda_ws/install/gobilda_robot/share/gobilda_robot/local_setup.bash
[1.296s] -- Up-to-date symlink: /home/calpoly/gobilda/gobilda_ws/install/gobilda_robot/share/gobilda_robot/local_setup.sh
[1.296s] -- Up-to-date symlink: /home/calpoly/gobilda/gobilda_ws/install/gobilda_robot/share/gobilda_robot/local_setup.zsh
[1.296s] -- Up-to-date symlink: /home/calpoly/gobilda/gobilda_ws/install/gobilda_robot/share/gobilda_robot/local_setup.dsv
[1.296s] -- Symlinking: /home/calpoly/gobilda/gobilda_ws/install/gobilda_robot/share/gobilda_robot/package.dsv
[1.300s] -- Up-to-date symlink: /home/calpoly/gobilda/gobilda_ws/install/gobilda_robot/share/ament_index/resource_index/packages/gobilda_robot
[1.301s] -- Up-to-date symlink: /home/calpoly/gobilda/gobilda_ws/install/gobilda_robot/share/ament_index/resource_index/hardware_interface__pluginlib__plugin/gobilda_robot
[1.301s] -- Up-to-date symlink: /home/calpoly/gobilda/gobilda_ws/install/gobilda_robot/share/gobilda_robot/cmake/ament_cmake_export_targets-extras.cmake
[1.301s] -- Up-to-date symlink: /home/calpoly/gobilda/gobilda_ws/install/gobilda_robot/share/gobilda_robot/cmake/ament_cmake_export_dependencies-extras.cmake
[1.302s] -- Up-to-date symlink: /home/calpoly/gobilda/gobilda_ws/install/gobilda_robot/share/gobilda_robot/cmake/gobilda_robotConfig.cmake
[1.302s] -- Up-to-date symlink: /home/calpoly/gobilda/gobilda_ws/install/gobilda_robot/share/gobilda_robot/cmake/gobilda_robotConfig-version.cmake
[1.302s] -- Up-to-date symlink: /home/calpoly/gobilda/gobilda_ws/install/gobilda_robot/share/gobilda_robot/package.xml
[1.303s] -- Up-to-date: /home/calpoly/gobilda/gobilda_ws/install/gobilda_robot/lib/libgobilda_robot.so
[1.305s] -- Up-to-date: /home/calpoly/gobilda/gobilda_ws/install/gobilda_robot/share/gobilda_robot/cmake/export_gobilda_robotExport.cmake
[1.305s] -- Up-to-date: /home/calpoly/gobilda/gobilda_ws/install/gobilda_robot/share/gobilda_robot/cmake/export_gobilda_robotExport-noconfig.cmake
[1.309s] Invoked command in '/home/calpoly/gobilda/gobilda_ws/build/gobilda_robot' returned '0': CMAKE_PREFIX_PATH=${CMAKE_PREFIX_PATH}:/home/calpoly/gobilda/gobilda_ws/install/lab4:/home/calpoly/gobilda/gobilda_ws/install/gobilda_utilities:/opt/ros/humble /usr/bin/cmake --install /home/calpoly/gobilda/gobilda_ws/build/gobilda_robot
