[0.042s] Invoking command in '/home/calpoly/gobilda/gobilda_ws/build/gobilda_robot': CMAKE_PREFIX_PATH=/opt/ros/humble /usr/bin/cmake /home/calpoly/gobilda/gobilda_ws/src/gobilda_robot -DAMENT_CMAKE_SYMLINK_INSTALL=1 -DCMAKE_INSTALL_PREFIX=/home/calpoly/gobilda/gobilda_ws/install/gobilda_robot
[0.633s] -- The C compiler identification is GNU 11.4.0
[0.633s] -- The CXX compiler identification is GNU 11.4.0
[0.633s] -- Detecting C compiler ABI info
[0.633s] -- Detecting C compiler ABI info - done
[0.633s] -- Check for working C compiler: /usr/bin/cc - skipped
[0.633s] -- Detecting C compile features
[0.633s] -- Detecting C compile features - done
[0.633s] -- Detecting CXX compiler ABI info
[0.751s] -- Detecting CXX compiler ABI info - done
[0.764s] -- Check for working CXX compiler: /usr/bin/c++ - skipped
[0.765s] -- Detecting CXX compile features
[0.766s] -- Detecting CXX compile features - done
[0.775s] -- Found ament_cmake: 1.3.11 (/opt/ros/humble/share/ament_cmake/cmake)
[1.083s] -- Found Python3: /usr/bin/python3 (found version "3.10.12") found components: Interpreter 
[1.228s] -- Override CMake install command with custom implementation using symlinks instead of copying resources
[1.294s] -- Found hardware_interface: 2.48.0 (/opt/ros/humble/share/hardware_interface/cmake)
[1.379s] -- Found rosidl_generator_c: 3.1.6 (/opt/ros/humble/share/rosidl_generator_c/cmake)
[1.389s] -- Found rosidl_adapter: 3.1.6 (/opt/ros/humble/share/rosidl_adapter/cmake)
[1.407s] -- Found rosidl_generator_cpp: 3.1.6 (/opt/ros/humble/share/rosidl_generator_cpp/cmake)
[1.435s] -- Using all available rosidl_typesupport_c: rosidl_typesupport_fastrtps_c;rosidl_typesupport_introspection_c
[1.469s] -- Using all available rosidl_typesupport_cpp: rosidl_typesupport_fastrtps_cpp;rosidl_typesupport_introspection_cpp
[1.910s] -- Found rmw_implementation_cmake: 6.1.2 (/opt/ros/humble/share/rmw_implementation_cmake/cmake)
[1.916s] -- Found rmw_fastrtps_cpp: 6.2.7 (/opt/ros/humble/share/rmw_fastrtps_cpp/cmake)
[1.977s] -- Found TinyXML2 via Config file: TinyXML2_DIR-NOTFOUND
[2.073s] -- Found OpenSSL: /usr/lib/aarch64-linux-gnu/libcrypto.so (found version "3.0.2")  
[2.083s] -- Found TinyXML2 via Config file: TinyXML2_DIR-NOTFOUND
[2.118s] -- Found FastRTPS: /opt/ros/humble/include  
[2.126s] -- Found TinyXML2 via Config file: TinyXML2_DIR-NOTFOUND
[2.145s] -- Found TinyXML2 via Config file: TinyXML2_DIR-NOTFOUND
[2.169s] -- Using RMW implementation 'rmw_fastrtps_cpp' as default
[2.189s] -- Looking for pthread.h
[2.335s] -- Looking for pthread.h - found
[2.336s] -- Performing Test CMAKE_HAVE_LIBC_PTHREAD
[2.477s] -- Performing Test CMAKE_HAVE_LIBC_PTHREAD - Success
[2.479s] -- Found Threads: TRUE  
[2.749s] -- Configuring done
[2.837s] -- Generating done
[2.847s] -- Build files have been written to: /home/calpoly/gobilda/gobilda_ws/build/gobilda_robot
