[0.619s] Invoking command in '/home/calpoly/gobilda/gobilda_ws/build/kiss_icp': CMAKE_PREFIX_PATH=/opt/ros/humble /usr/bin/cmake /home/calpoly/gobilda/gobilda_ws/src/kiss-icp/ros -DAMENT_CMAKE_SYMLINK_INSTALL=1 -DCMAKE_INSTALL_PREFIX=/home/calpoly/gobilda/gobilda_ws/install/kiss_icp
[0.748s] -- The CXX compiler identification is GNU 11.4.0
[0.763s] -- Detecting CXX compiler ABI info
[0.899s] -- Detecting CXX compiler ABI info - done
[0.944s] -- Check for working CXX compiler: /usr/bin/c++ - skipped
[0.945s] -- Detecting CXX compile features
[0.947s] -- Detecting CXX compile features - done
[0.968s] [0mCMake Deprecation Warning at /home/calpoly/gobilda/gobilda_ws/src/kiss-icp/cpp/kiss_icp/3rdparty/find_dependencies.cmake:25 (cmake_policy):
[0.968s]   The OLD behavior for policy CMP0135 will be removed from a future version
[0.969s]   of CMake.
[0.969s] 
[0.969s]   The cmake-policies(7) manual explains that the OLD behaviors of all
[0.969s]   policies are deprecated and that a policy should be set to OLD only under
[0.969s]   specific short-term circumstances.  Projects should be ported to the NEW
[0.969s]   behavior and not rely on setting a policy to OLD.
[0.969s] Call Stack (most recent call first):
[0.969s]   /home/calpoly/gobilda/gobilda_ws/src/kiss-icp/cpp/kiss_icp/CMakeLists.txt:48 (include)
[0.970s] 
[0.970s] [0m
[2.232s] -- The C compiler identification is GNU 11.4.0
[2.248s] -- Detecting C compiler ABI info
[2.361s] -- Detecting C compiler ABI info - done
[2.386s] -- Check for working C compiler: /usr/bin/cc - skipped
[2.386s] -- Detecting C compile features
[2.388s] -- Detecting C compile features - done
[2.424s] -- Found ament_cmake: 1.3.11 (/opt/ros/humble/share/ament_cmake/cmake)
[2.702s] -- Found Python3: /usr/bin/python3 (found version "3.10.12") found components: Interpreter
[2.845s] -- Override CMake install command with custom implementation using symlinks instead of copying resources
[2.906s] -- Found geometry_msgs: 4.2.4 (/opt/ros/humble/share/geometry_msgs/cmake)
[2.985s] -- Found rosidl_generator_c: 3.1.6 (/opt/ros/humble/share/rosidl_generator_c/cmake)
[2.995s] -- Found rosidl_adapter: 3.1.6 (/opt/ros/humble/share/rosidl_adapter/cmake)
[3.015s] -- Found rosidl_generator_cpp: 3.1.6 (/opt/ros/humble/share/rosidl_generator_cpp/cmake)
[3.042s] -- Using all available rosidl_typesupport_c: rosidl_typesupport_fastrtps_c;rosidl_typesupport_introspection_c
[3.079s] -- Using all available rosidl_typesupport_cpp: rosidl_typesupport_fastrtps_cpp;rosidl_typesupport_introspection_cpp
[3.175s] -- Found nav_msgs: 4.2.4 (/opt/ros/humble/share/nav_msgs/cmake)
[3.224s] -- Found rclcpp: 16.0.11 (/opt/ros/humble/share/rclcpp/cmake)
[3.308s] -- Found rmw_implementation_cmake: 6.1.2 (/opt/ros/humble/share/rmw_implementation_cmake/cmake)
[3.313s] -- Found rmw_fastrtps_cpp: 6.2.7 (/opt/ros/humble/share/rmw_fastrtps_cpp/cmake)
[3.500s] -- Found OpenSSL: /usr/lib/aarch64-linux-gnu/libcrypto.so (found version "3.0.2")
[3.570s] -- Found FastRTPS: /opt/ros/humble/include
[3.654s] -- Using RMW implementation 'rmw_fastrtps_cpp' as default
[3.671s] -- Performing Test CMAKE_HAVE_LIBC_PTHREAD
[3.817s] -- Performing Test CMAKE_HAVE_LIBC_PTHREAD - Success
[3.819s] -- Found Threads: TRUE
[3.911s] -- Found rclcpp_components: 16.0.11 (/opt/ros/humble/share/rclcpp_components/cmake)
[3.981s] -- Found sensor_msgs: 4.2.4 (/opt/ros/humble/share/sensor_msgs/cmake)
[4.022s] -- Found tf2_ros: 0.25.12 (/opt/ros/humble/share/tf2_ros/cmake)
[4.345s] -- Configuring done (3.7s)
[4.409s] -- Generating done (0.1s)
[4.420s] -- Build files have been written to: /home/calpoly/gobilda/gobilda_ws/build/kiss_icp
[4.451s] Invoked command in '/home/calpoly/gobilda/gobilda_ws/build/kiss_icp' returned '0': CMAKE_PREFIX_PATH=/opt/ros/humble /usr/bin/cmake /home/calpoly/gobilda/gobilda_ws/src/kiss-icp/ros -DAMENT_CMAKE_SYMLINK_INSTALL=1 -DCMAKE_INSTALL_PREFIX=/home/calpoly/gobilda/gobilda_ws/install/kiss_icp
[4.454s] Invoking command in '/home/calpoly/gobilda/gobilda_ws/build/kiss_icp': CMAKE_PREFIX_PATH=/opt/ros/humble /usr/bin/cmake --build /home/calpoly/gobilda/gobilda_ws/build/kiss_icp -- -j6 -l6
[4.510s] [ 21%] [32mBuilding CXX object kiss_icp/core/CMakeFiles/kiss_icp_core.dir/VoxelHashMap.cpp.o[0m
[4.510s] [ 21%] [32mBuilding CXX object kiss_icp/core/CMakeFiles/kiss_icp_core.dir/Registration.cpp.o[0m
[4.511s] [ 21%] [32mBuilding CXX object kiss_icp/core/CMakeFiles/kiss_icp_core.dir/VoxelUtils.cpp.o[0m
[4.511s] [ 35%] [32mBuilding CXX object CMakeFiles/kiss_icp_node.dir/rclcpp_components/node_main_kiss_icp_node.cpp.o[0m
[4.511s] [ 35%] [32mBuilding CXX object kiss_icp/metrics/CMakeFiles/kiss_icp_metrics.dir/Metrics.cpp.o[0m
[4.517s] [ 42%] [32mBuilding CXX object kiss_icp/core/CMakeFiles/kiss_icp_core.dir/Preprocessing.cpp.o[0m
[9.334s] [ 50%] [32mBuilding CXX object kiss_icp/core/CMakeFiles/kiss_icp_core.dir/Threshold.cpp.o[0m
[14.141s] [ 57%] [1m[32mLinking CXX executable kiss_icp_node[0m
[14.371s] [ 57%] Built target kiss_icp_node
[20.918s] [ 64%] [1m[32mLinking CXX static library libkiss_icp_core.a[0m
[20.964s] [ 64%] Built target kiss_icp_core
[20.986s] [ 71%] [32mBuilding CXX object kiss_icp/pipeline/CMakeFiles/kiss_icp_pipeline.dir/KissICP.cpp.o[0m
[25.807s] [ 78%] [1m[32mLinking CXX static library libkiss_icp_pipeline.a[0m
[25.843s] [ 78%] Built target kiss_icp_pipeline
[25.866s] [ 85%] [32mBuilding CXX object CMakeFiles/odometry_component.dir/src/OdometryServer.cpp.o[0m
[34.618s] [ 92%] [1m[32mLinking CXX static library libkiss_icp_metrics.a[0m
[34.653s] [ 92%] Built target kiss_icp_metrics
[69.121s] [100%] [1m[32mLinking CXX shared library libodometry_component.so[0m
[69.505s] [100%] Built target odometry_component
[69.517s] Invoked command in '/home/calpoly/gobilda/gobilda_ws/build/kiss_icp' returned '0': CMAKE_PREFIX_PATH=/opt/ros/humble /usr/bin/cmake --build /home/calpoly/gobilda/gobilda_ws/build/kiss_icp -- -j6 -l6
[69.522s] Invoking command in '/home/calpoly/gobilda/gobilda_ws/build/kiss_icp': CMAKE_PREFIX_PATH=/opt/ros/humble /usr/bin/cmake --install /home/calpoly/gobilda/gobilda_ws/build/kiss_icp
[69.529s] -- Install configuration: "Release"
[69.531s] -- Execute custom install script
[69.532s] -- Symlinking: /home/calpoly/gobilda/gobilda_ws/install/kiss_icp/lib/kiss_icp/kiss_icp_node
[69.540s] -- Symlinking: /home/calpoly/gobilda/gobilda_ws/install/kiss_icp/lib/libodometry_component.so
[69.547s] -- Symlinking: /home/calpoly/gobilda/gobilda_ws/install/kiss_icp/share/kiss_icp//launch/odometry.launch.py
[69.555s] -- Symlinking: /home/calpoly/gobilda/gobilda_ws/install/kiss_icp/share/kiss_icp//rviz/kiss_icp.rviz
[69.562s] -- Symlinking: /home/calpoly/gobilda/gobilda_ws/install/kiss_icp/share/kiss_icp//config/config.yaml
[69.569s] -- Symlinking: /home/calpoly/gobilda/gobilda_ws/install/kiss_icp/share/ament_index/resource_index/package_run_dependencies/kiss_icp
[69.578s] -- Symlinking: /home/calpoly/gobilda/gobilda_ws/install/kiss_icp/share/ament_index/resource_index/parent_prefix_path/kiss_icp
[69.586s] -- Symlinking: /home/calpoly/gobilda/gobilda_ws/install/kiss_icp/share/kiss_icp/environment/ament_prefix_path.sh
[69.593s] -- Symlinking: /home/calpoly/gobilda/gobilda_ws/install/kiss_icp/share/kiss_icp/environment/ament_prefix_path.dsv
[69.600s] -- Symlinking: /home/calpoly/gobilda/gobilda_ws/install/kiss_icp/share/kiss_icp/environment/path.sh
[69.608s] -- Symlinking: /home/calpoly/gobilda/gobilda_ws/install/kiss_icp/share/kiss_icp/environment/path.dsv
[69.615s] -- Symlinking: /home/calpoly/gobilda/gobilda_ws/install/kiss_icp/share/kiss_icp/local_setup.bash
[69.622s] -- Symlinking: /home/calpoly/gobilda/gobilda_ws/install/kiss_icp/share/kiss_icp/local_setup.sh
[69.629s] -- Symlinking: /home/calpoly/gobilda/gobilda_ws/install/kiss_icp/share/kiss_icp/local_setup.zsh
[69.638s] -- Symlinking: /home/calpoly/gobilda/gobilda_ws/install/kiss_icp/share/kiss_icp/local_setup.dsv
[69.645s] -- Symlinking: /home/calpoly/gobilda/gobilda_ws/install/kiss_icp/share/kiss_icp/package.dsv
[69.653s] -- Symlinking: /home/calpoly/gobilda/gobilda_ws/install/kiss_icp/share/ament_index/resource_index/packages/kiss_icp
[69.660s] -- Symlinking: /home/calpoly/gobilda/gobilda_ws/install/kiss_icp/share/ament_index/resource_index/rclcpp_components/kiss_icp
[69.668s] -- Symlinking: /home/calpoly/gobilda/gobilda_ws/install/kiss_icp/share/kiss_icp/cmake/kiss_icpConfig.cmake
[69.675s] -- Symlinking: /home/calpoly/gobilda/gobilda_ws/install/kiss_icp/share/kiss_icp/cmake/kiss_icpConfig-version.cmake
[69.682s] -- Symlinking: /home/calpoly/gobilda/gobilda_ws/install/kiss_icp/share/kiss_icp/package.xml
[69.694s] Invoked command in '/home/calpoly/gobilda/gobilda_ws/build/kiss_icp' returned '0': CMAKE_PREFIX_PATH=/opt/ros/humble /usr/bin/cmake --install /home/calpoly/gobilda/gobilda_ws/build/kiss_icp
