[2.161s] Invoking command in '/home/calpoly/gobilda/gobilda_ws/build/gobilda_utilities': PYTHONPATH=/home/calpoly/gobilda/gobilda_ws/build/gobilda_utilities/prefix_override:/usr/lib/python3/dist-packages/colcon_core/task/python/colcon_distutils_commands:/home/calpoly/gobilda/gobilda_ws/install/gobilda_utilities/lib/python3.10/site-packages:${PYTHONPATH} /usr/bin/python3 -W ignore:setup.py install is deprecated -W ignore:easy_install command is deprecated setup.py develop --editable --build-directory /home/calpoly/gobilda/gobilda_ws/build/gobilda_utilities/build --no-deps symlink_data
[2.748s] running develop
[3.117s] running egg_info
[3.117s] creating gobilda_utilities.egg-info
[3.117s] writing gobilda_utilities.egg-info/PKG-INFO
[3.118s] writing dependency_links to gobilda_utilities.egg-info/dependency_links.txt
[3.118s] writing entry points to gobilda_utilities.egg-info/entry_points.txt
[3.118s] writing requirements to gobilda_utilities.egg-info/requires.txt
[3.118s] writing top-level names to gobilda_utilities.egg-info/top_level.txt
[3.119s] writing manifest file 'gobilda_utilities.egg-info/SOURCES.txt'
[3.122s] reading manifest file 'gobilda_utilities.egg-info/SOURCES.txt'
[3.124s] writing manifest file 'gobilda_utilities.egg-info/SOURCES.txt'
[3.126s] running build_ext
[3.127s] Creating /home/calpoly/gobilda/gobilda_ws/install/gobilda_utilities/lib/python3.10/site-packages/gobilda-utilities.egg-link (link to .)
[3.128s] Installing draw_square_fb script to /home/calpoly/gobilda/gobilda_ws/install/gobilda_utilities/lib/gobilda_utilities
[3.129s] Installing teleop_gobilda script to /home/calpoly/gobilda/gobilda_ws/install/gobilda_utilities/lib/gobilda_utilities
[3.129s] 
[3.129s] Installed /home/calpoly/gobilda/gobilda_ws/build/gobilda_utilities
[3.130s] running symlink_data
[3.130s] creating /home/calpoly/gobilda/gobilda_ws/install/gobilda_utilities/share/ament_index
[3.130s] creating /home/calpoly/gobilda/gobilda_ws/install/gobilda_utilities/share/ament_index/resource_index
[3.130s] creating /home/calpoly/gobilda/gobilda_ws/install/gobilda_utilities/share/ament_index/resource_index/packages
[3.130s] symbolically linking /home/calpoly/gobilda/gobilda_ws/build/gobilda_utilities/resource/gobilda_utilities -> /home/calpoly/gobilda/gobilda_ws/install/gobilda_utilities/share/ament_index/resource_index/packages
[3.130s] symbolically linking /home/calpoly/gobilda/gobilda_ws/build/gobilda_utilities/package.xml -> /home/calpoly/gobilda/gobilda_ws/install/gobilda_utilities/share/gobilda_utilities
