[0.610s] Invoking command in '/home/calpoly/gobilda/gobilda_ws/build/kiss_icp': CMAKE_PREFIX_PATH=${CMAKE_PREFIX_PATH}:/home/calpoly/gobilda/gobilda_ws/install/lab4:/home/calpoly/gobilda/gobilda_ws/install/gobilda_utilities:/opt/ros/humble /usr/bin/cmake --build /home/calpoly/gobilda/gobilda_ws/build/kiss_icp -- -j6 -l6
[0.670s] [ 14%] Built target kiss_icp_metrics
[0.678s] [ 28%] Built target kiss_icp_node
[0.690s] [ 71%] Built target kiss_icp_core
[0.721s] [ 85%] Built target kiss_icp_pipeline
[0.766s] [100%] Built target odometry_component
[1.226s] Invoked command in '/home/calpoly/gobilda/gobilda_ws/build/kiss_icp' returned '0': CMAKE_PREFIX_PATH=${CMAKE_PREFIX_PATH}:/home/calpoly/gobilda/gobilda_ws/install/lab4:/home/calpoly/gobilda/gobilda_ws/install/gobilda_utilities:/opt/ros/humble /usr/bin/cmake --build /home/calpoly/gobilda/gobilda_ws/build/kiss_icp -- -j6 -l6
[1.232s] Invoking command in '/home/calpoly/gobilda/gobilda_ws/build/kiss_icp': CMAKE_PREFIX_PATH=${CMAKE_PREFIX_PATH}:/home/calpoly/gobilda/gobilda_ws/install/lab4:/home/calpoly/gobilda/gobilda_ws/install/gobilda_utilities:/opt/ros/humble /usr/bin/cmake --install /home/calpoly/gobilda/gobilda_ws/build/kiss_icp
[1.241s] -- Install configuration: "Release"
[1.241s] -- Execute custom install script
[1.242s] -- Up-to-date symlink: /home/calpoly/gobilda/gobilda_ws/install/kiss_icp/lib/kiss_icp/kiss_icp_node
[1.245s] -- Up-to-date symlink: /home/calpoly/gobilda/gobilda_ws/install/kiss_icp/lib/libodometry_component.so
[1.245s] -- Up-to-date symlink: /home/calpoly/gobilda/gobilda_ws/install/kiss_icp/share/kiss_icp//launch/odometry.launch.py
[1.247s] -- Up-to-date symlink: /home/calpoly/gobilda/gobilda_ws/install/kiss_icp/share/kiss_icp//rviz/kiss_icp.rviz
[1.247s] -- Up-to-date symlink: /home/calpoly/gobilda/gobilda_ws/install/kiss_icp/share/kiss_icp//config/config.yaml
[1.247s] -- Up-to-date symlink: /home/calpoly/gobilda/gobilda_ws/install/kiss_icp/share/ament_index/resource_index/package_run_dependencies/kiss_icp
[1.247s] -- Up-to-date symlink: /home/calpoly/gobilda/gobilda_ws/install/kiss_icp/share/ament_index/resource_index/parent_prefix_path/kiss_icp
[1.247s] -- Up-to-date symlink: /home/calpoly/gobilda/gobilda_ws/install/kiss_icp/share/kiss_icp/environment/ament_prefix_path.sh
[1.247s] -- Up-to-date symlink: /home/calpoly/gobilda/gobilda_ws/install/kiss_icp/share/kiss_icp/environment/ament_prefix_path.dsv
[1.248s] -- Up-to-date symlink: /home/calpoly/gobilda/gobilda_ws/install/kiss_icp/share/kiss_icp/environment/path.sh
[1.248s] -- Up-to-date symlink: /home/calpoly/gobilda/gobilda_ws/install/kiss_icp/share/kiss_icp/environment/path.dsv
[1.248s] -- Up-to-date symlink: /home/calpoly/gobilda/gobilda_ws/install/kiss_icp/share/kiss_icp/local_setup.bash
[1.248s] -- Up-to-date symlink: /home/calpoly/gobilda/gobilda_ws/install/kiss_icp/share/kiss_icp/local_setup.sh
[1.248s] -- Up-to-date symlink: /home/calpoly/gobilda/gobilda_ws/install/kiss_icp/share/kiss_icp/local_setup.zsh
[1.248s] -- Up-to-date symlink: /home/calpoly/gobilda/gobilda_ws/install/kiss_icp/share/kiss_icp/local_setup.dsv
[1.249s] -- Symlinking: /home/calpoly/gobilda/gobilda_ws/install/kiss_icp/share/kiss_icp/package.dsv
[1.256s] -- Up-to-date symlink: /home/calpoly/gobilda/gobilda_ws/install/kiss_icp/share/ament_index/resource_index/packages/kiss_icp
[1.256s] -- Up-to-date symlink: /home/calpoly/gobilda/gobilda_ws/install/kiss_icp/share/ament_index/resource_index/rclcpp_components/kiss_icp
[1.256s] -- Up-to-date symlink: /home/calpoly/gobilda/gobilda_ws/install/kiss_icp/share/kiss_icp/cmake/kiss_icpConfig.cmake
[1.257s] -- Up-to-date symlink: /home/calpoly/gobilda/gobilda_ws/install/kiss_icp/share/kiss_icp/cmake/kiss_icpConfig-version.cmake
[1.257s] -- Up-to-date symlink: /home/calpoly/gobilda/gobilda_ws/install/kiss_icp/share/kiss_icp/package.xml
[1.308s] Invoked command in '/home/calpoly/gobilda/gobilda_ws/build/kiss_icp' returned '0': CMAKE_PREFIX_PATH=${CMAKE_PREFIX_PATH}:/home/calpoly/gobilda/gobilda_ws/install/lab4:/home/calpoly/gobilda/gobilda_ws/install/gobilda_utilities:/opt/ros/humble /usr/bin/cmake --install /home/calpoly/gobilda/gobilda_ws/build/kiss_icp
