[0.623s] Invoking command in '/home/calpoly/gobilda/gobilda_ws/build/kiss_icp': CMAKE_PREFIX_PATH=${CMAKE_PREFIX_PATH}:/home/calpoly/gobilda/gobilda_ws/install/lab4:/home/calpoly/gobilda/gobilda_ws/install/gobilda_utilities:/opt/ros/humble /usr/bin/cmake --build /home/calpoly/gobilda/gobilda_ws/build/kiss_icp -- -j6 -l6
[0.695s] [ 35%] Built target kiss_icp_metrics
[0.695s] [ 57%] Built target kiss_icp_core
[0.701s] [ 71%] Built target kiss_icp_node
[0.723s] [ 85%] Built target kiss_icp_pipeline
[0.772s] [100%] Built target odometry_component
[1.251s] Invoked command in '/home/calpoly/gobilda/gobilda_ws/build/kiss_icp' returned '0': CMAKE_PREFIX_PATH=${CMAKE_PREFIX_PATH}:/home/calpoly/gobilda/gobilda_ws/install/lab4:/home/calpoly/gobilda/gobilda_ws/install/gobilda_utilities:/opt/ros/humble /usr/bin/cmake --build /home/calpoly/gobilda/gobilda_ws/build/kiss_icp -- -j6 -l6
[1.255s] Invoking command in '/home/calpoly/gobilda/gobilda_ws/build/kiss_icp': CMAKE_PREFIX_PATH=${CMAKE_PREFIX_PATH}:/home/calpoly/gobilda/gobilda_ws/install/lab4:/home/calpoly/gobilda/gobilda_ws/install/gobilda_utilities:/opt/ros/humble /usr/bin/cmake --install /home/calpoly/gobilda/gobilda_ws/build/kiss_icp
[1.269s] -- Install configuration: "Release"
[1.269s] -- Execute custom install script
[1.269s] -- Up-to-date symlink: /home/calpoly/gobilda/gobilda_ws/install/kiss_icp/lib/kiss_icp/kiss_icp_node
[1.269s] -- Up-to-date symlink: /home/calpoly/gobilda/gobilda_ws/install/kiss_icp/lib/libodometry_component.so
[1.270s] -- Up-to-date symlink: /home/calpoly/gobilda/gobilda_ws/install/kiss_icp/share/kiss_icp//launch/odometry.launch.py
[1.271s] -- Up-to-date symlink: /home/calpoly/gobilda/gobilda_ws/install/kiss_icp/share/kiss_icp//rviz/kiss_icp.rviz
[1.271s] -- Up-to-date symlink: /home/calpoly/gobilda/gobilda_ws/install/kiss_icp/share/kiss_icp//config/config.yaml
[1.271s] -- Up-to-date symlink: /home/calpoly/gobilda/gobilda_ws/install/kiss_icp/share/ament_index/resource_index/package_run_dependencies/kiss_icp
[1.272s] -- Up-to-date symlink: /home/calpoly/gobilda/gobilda_ws/install/kiss_icp/share/ament_index/resource_index/parent_prefix_path/kiss_icp
[1.272s] -- Up-to-date symlink: /home/calpoly/gobilda/gobilda_ws/install/kiss_icp/share/kiss_icp/environment/ament_prefix_path.sh
[1.273s] -- Up-to-date symlink: /home/calpoly/gobilda/gobilda_ws/install/kiss_icp/share/kiss_icp/environment/ament_prefix_path.dsv
[1.273s] -- Up-to-date symlink: /home/calpoly/gobilda/gobilda_ws/install/kiss_icp/share/kiss_icp/environment/path.sh
[1.274s] -- Up-to-date symlink: /home/calpoly/gobilda/gobilda_ws/install/kiss_icp/share/kiss_icp/environment/path.dsv
[1.274s] -- Up-to-date symlink: /home/calpoly/gobilda/gobilda_ws/install/kiss_icp/share/kiss_icp/local_setup.bash
[1.274s] -- Up-to-date symlink: /home/calpoly/gobilda/gobilda_ws/install/kiss_icp/share/kiss_icp/local_setup.sh
[1.275s] -- Up-to-date symlink: /home/calpoly/gobilda/gobilda_ws/install/kiss_icp/share/kiss_icp/local_setup.zsh
[1.275s] -- Up-to-date symlink: /home/calpoly/gobilda/gobilda_ws/install/kiss_icp/share/kiss_icp/local_setup.dsv
[1.275s] -- Symlinking: /home/calpoly/gobilda/gobilda_ws/install/kiss_icp/share/kiss_icp/package.dsv
[1.283s] -- Up-to-date symlink: /home/calpoly/gobilda/gobilda_ws/install/kiss_icp/share/ament_index/resource_index/packages/kiss_icp
[1.284s] -- Up-to-date symlink: /home/calpoly/gobilda/gobilda_ws/install/kiss_icp/share/ament_index/resource_index/rclcpp_components/kiss_icp
[1.284s] -- Up-to-date symlink: /home/calpoly/gobilda/gobilda_ws/install/kiss_icp/share/kiss_icp/cmake/kiss_icpConfig.cmake
[1.285s] -- Up-to-date symlink: /home/calpoly/gobilda/gobilda_ws/install/kiss_icp/share/kiss_icp/cmake/kiss_icpConfig-version.cmake
[1.285s] -- Up-to-date symlink: /home/calpoly/gobilda/gobilda_ws/install/kiss_icp/share/kiss_icp/package.xml
[1.333s] Invoked command in '/home/calpoly/gobilda/gobilda_ws/build/kiss_icp' returned '0': CMAKE_PREFIX_PATH=${CMAKE_PREFIX_PATH}:/home/calpoly/gobilda/gobilda_ws/install/lab4:/home/calpoly/gobilda/gobilda_ws/install/gobilda_utilities:/opt/ros/humble /usr/bin/cmake --install /home/calpoly/gobilda/gobilda_ws/build/kiss_icp
