[2.153s] Invoking command in '/home/calpoly/gobilda/gobilda_ws/build/lab4': PYTHONPATH=/home/calpoly/gobilda/gobilda_ws/build/lab4/prefix_override:/usr/lib/python3/dist-packages/colcon_core/task/python/colcon_distutils_commands:/home/calpoly/gobilda/gobilda_ws/install/lab4/lib/python3.10/site-packages:${PYTHONPATH} /usr/bin/python3 -W ignore:setup.py install is deprecated -W ignore:easy_install command is deprecated setup.py develop --editable --build-directory /home/calpoly/gobilda/gobilda_ws/build/lab4/build --no-deps symlink_data
[2.746s] running develop
[3.111s] running egg_info
[3.111s] creating lab4.egg-info
[3.111s] writing lab4.egg-info/PKG-INFO
[3.112s] writing dependency_links to lab4.egg-info/dependency_links.txt
[3.112s] writing entry points to lab4.egg-info/entry_points.txt
[3.112s] writing requirements to lab4.egg-info/requires.txt
[3.113s] writing top-level names to lab4.egg-info/top_level.txt
[3.113s] writing manifest file 'lab4.egg-info/SOURCES.txt'
[3.117s] reading manifest file 'lab4.egg-info/SOURCES.txt'
[3.118s] writing manifest file 'lab4.egg-info/SOURCES.txt'
[3.121s] running build_ext
[3.121s] Creating /home/calpoly/gobilda/gobilda_ws/install/lab4/lib/python3.10/site-packages/lab4.egg-link (link to .)
[3.123s] Installing clearance_calculator script to /home/calpoly/gobilda/gobilda_ws/install/lab4/lib/lab4
[3.124s] Installing roomba script to /home/calpoly/gobilda/gobilda_ws/install/lab4/lib/lab4
[3.124s] 
[3.124s] Installed /home/calpoly/gobilda/gobilda_ws/build/lab4
[3.124s] running symlink_data
[3.125s] creating /home/calpoly/gobilda/gobilda_ws/install/lab4/share/ament_index
[3.125s] creating /home/calpoly/gobilda/gobilda_ws/install/lab4/share/ament_index/resource_index
[3.125s] creating /home/calpoly/gobilda/gobilda_ws/install/lab4/share/ament_index/resource_index/packages
[3.125s] symbolically linking /home/calpoly/gobilda/gobilda_ws/build/lab4/resource/lab4 -> /home/calpoly/gobilda/gobilda_ws/install/lab4/share/ament_index/resource_index/packages
[3.125s] symbolically linking /home/calpoly/gobilda/gobilda_ws/build/lab4/package.xml -> /home/calpoly/gobilda/gobilda_ws/install/lab4/share/lab4
[3.125s] creating /home/calpoly/gobilda/gobilda_ws/install/lab4/share/lab4/launch
[3.125s] symbolically linking /home/calpoly/gobilda/gobilda_ws/build/lab4/launch/roomba.launch.py -> /home/calpoly/gobilda/gobilda_ws/install/lab4/share/lab4/launch
